
ROM used:   84/4096 (2%)
            84/4096 (2%) including unused fragments

            0.1 Average locations per line
            7.6 Average locations per statement

RAM used:   6/368 (2%) at main() level
            7/368 (2%) worst case

Stack used: 1 worst case (1 in main + 0 for interrupts)
Stack size: 8

Lines Stmts  %   Files
----- ----- ---  -----
   22    11 100  main.c
   11     0   0  main.h
  642     0   0  ..\..\..\..\..\Program Files (x86)\PICC\Devices\16F88.h
----- -----
  675    11 Total

Page ROM  %  RAM   Vol Diff  Functions:
---- --- --- ---   --- ----  ----------
0     21  25    1             @delay_ms1
0     59  70    1   195  1.8  main
 Inline         0             @cinit1

Program metrics:
    Functions               1
    Statements              11
    Comments                124
    Volume (V)              200
    Difficulty (D)          1.7
    Effort to implement (E) 330
    Time to implement (T)   0 minutes
    Est Delivered Bugs (B)  0
    Cyclomatic Complexity   1
    Maintainability (MI)    54

 Segment     Used  Free
-----------  ----  ----
00000-00003     4  0  
00004-007FF    80  1964  
00800-00FFF     0  2048  



